c:\users\thiag\source\repos\hashcionary\hashcionary\x64\debug\vc141.pdb
c:\users\thiag\source\repos\hashcionary\hashcionary\x64\debug\popup1.obj
c:\users\thiag\source\repos\hashcionary\hashcionary\x64\debug\palavra.obj
c:\users\thiag\source\repos\hashcionary\hashcionary\x64\debug\main.obj
c:\users\thiag\source\repos\hashcionary\hashcionary\x64\debug\janelalista.obj
c:\users\thiag\source\repos\hashcionary\hashcionary\x64\debug\janelainsercao.obj
c:\users\thiag\source\repos\hashcionary\hashcionary\x64\debug\janelaelimina.obj
c:\users\thiag\source\repos\hashcionary\hashcionary\x64\debug\hashing.obj
c:\users\thiag\source\repos\hashcionary\hashcionary\x64\debug\hashcionary.obj
c:\users\thiag\source\repos\hashcionary\hashcionary\x64\debug\moc_popup1.obj
c:\users\thiag\source\repos\hashcionary\hashcionary\x64\debug\moc_janelalista.obj
c:\users\thiag\source\repos\hashcionary\hashcionary\x64\debug\moc_janelainsercao.obj
c:\users\thiag\source\repos\hashcionary\hashcionary\x64\debug\moc_janelaelimina.obj
c:\users\thiag\source\repos\hashcionary\hashcionary\x64\debug\moc_hashcionary.obj
c:\users\thiag\source\repos\hashcionary\hashcionary\x64\debug\qrc_hashcionary.obj
c:\users\thiag\source\repos\hashcionary\hashcionary\x64\debug\qtguiclass.obj
c:\users\thiag\source\repos\hashcionary\hashcionary\x64\debug\moc_qtguiclass.obj
c:\users\thiag\source\repos\hashcionary\hashcionary\generatedfiles\ui_hashcionary.h
c:\users\thiag\source\repos\hashcionary\hashcionary\generatedfiles\debug\moc_janelalista.cpp
c:\users\thiag\source\repos\hashcionary\hashcionary\generatedfiles\debug\moc_janelaelimina.cpp
c:\users\thiag\source\repos\hashcionary\hashcionary\generatedfiles\debug\moc_popup1.cpp
c:\users\thiag\source\repos\hashcionary\hashcionary\generatedfiles\debug\moc_janelainsercao.cpp
c:\users\thiag\source\repos\hashcionary\hashcionary\generatedfiles\qrc_hashcionary.cpp
c:\users\thiag\source\repos\hashcionary\hashcionary\generatedfiles\ui_janelainsercao.h
c:\users\thiag\source\repos\hashcionary\hashcionary\generatedfiles\ui_janelalista.h
c:\users\thiag\source\repos\hashcionary\hashcionary\generatedfiles\ui_janelaelimina.h
c:\users\thiag\source\repos\hashcionary\hashcionary\generatedfiles\ui_popup1.h
c:\users\thiag\source\repos\hashcionary\hashcionary\generatedfiles\debug\moc_qtguiclass.cpp
c:\users\thiag\source\repos\hashcionary\hashcionary\generatedfiles\ui_qtguiclass.h
c:\users\thiag\source\repos\hashcionary\hashcionary\generatedfiles\debug\moc_hashcionary.cpp
c:\users\thiag\source\repos\hashcionary\x64\debug\hashcionary.exe
c:\users\thiag\source\repos\hashcionary\x64\debug\hashcionary.ilk
c:\users\thiag\source\repos\hashcionary\x64\debug\hashcionary.pdb
c:\users\thiag\source\repos\hashcionary\hashcionary\x64\debug\hashcionary.res
c:\users\thiag\source\repos\hashcionary\hashcionary\x64\debug\hashcionary.tlog\cl.command.1.tlog
c:\users\thiag\source\repos\hashcionary\hashcionary\x64\debug\hashcionary.tlog\cl.read.1.tlog
c:\users\thiag\source\repos\hashcionary\hashcionary\x64\debug\hashcionary.tlog\cl.write.1.tlog
c:\users\thiag\source\repos\hashcionary\hashcionary\x64\debug\hashcionary.tlog\custombuild.command.1.tlog
c:\users\thiag\source\repos\hashcionary\hashcionary\x64\debug\hashcionary.tlog\custombuild.read.1.tlog
c:\users\thiag\source\repos\hashcionary\hashcionary\x64\debug\hashcionary.tlog\custombuild.write.1.tlog
c:\users\thiag\source\repos\hashcionary\hashcionary\x64\debug\hashcionary.tlog\link.command.1.tlog
c:\users\thiag\source\repos\hashcionary\hashcionary\x64\debug\hashcionary.tlog\link.read.1.tlog
c:\users\thiag\source\repos\hashcionary\hashcionary\x64\debug\hashcionary.tlog\link.write.1.tlog
c:\users\thiag\source\repos\hashcionary\hashcionary\x64\debug\hashcionary.tlog\rc.command.1.tlog
c:\users\thiag\source\repos\hashcionary\hashcionary\x64\debug\hashcionary.tlog\rc.read.1.tlog
c:\users\thiag\source\repos\hashcionary\hashcionary\x64\debug\hashcionary.tlog\rc.write.1.tlog
